MAC 11111 not found in the FSC Sharing is Caring system.
Cannot Perform LINK Command:
	MAC 11111 - This MAC Address is not in the FSC Sharing is Caring system.
	MAC 22222 - This MAC Address is not in the FSC Sharing is Caring system.
Cannot Perform UNLINK Command:
	MAC 11111 - This MAC Address is not in the FSC Sharing is Caring system.
	MAC 22222 - This MAC Address is not in the FSC Sharing is Caring system.
Cannot Perform QUIT Command:
	MAC 11111 not found in the FSC Sharing is Caring system.
Cannot Perform SHOWCONNECTIONS Command:
	MAC 11111 - This MAC Address is not in the FSC Sharing is Caring system.
Cannot Perform PRINTMEMBERS Command:
	There are currently no participants in the FSC Sharing is Caring system.
Cannot Perform MOVEDEVICES Command:
	There are currently no participants in the FSC Sharing is Caring system.
JENICE AUSTGEN, MAC 1255110, joined the FSC Sharing is Caring system.
BONNIE SELMAN, MAC 1293732, joined the FSC Sharing is Caring system.
ALVA MOEUY, MAC 1283449, joined the FSC Sharing is Caring system.
TONJA ABRIAL, MAC 1253407, joined the FSC Sharing is Caring system.
KATHIE PETRUCCI, MAC 1287543, joined the FSC Sharing is Caring system.
CHANA MINSKEY, MAC 1283229, joined the FSC Sharing is Caring system.
DANICA CRANSON, MAC 1262663, joined the FSC Sharing is Caring system.
EMMY FRANCESE, MAC 1268274, joined the FSC Sharing is Caring system.
GEMA SITTRE, MAC 1294958, joined the FSC Sharing is Caring system.
IVELISSE JOUBERT, MAC 1275195, joined the FSC Sharing is Caring system.
JOSEFINE CORRIHER, MAC 1262339, joined the FSC Sharing is Caring system.
MANUELA ALLARA, MAC 1253913, joined the FSC Sharing is Caring system.
BUSTER REMBOLD, MAC 1290280, joined the FSC Sharing is Caring system.
ALBINA WANCA, MAC 1301081, joined the FSC Sharing is Caring system.
VERDELL VEYS, MAC 1300521, joined the FSC Sharing is Caring system.
JEANE PROCHASKA, MAC 1288967, joined the FSC Sharing is Caring system.
JENINE SCHONFELD, MAC 1293066, joined the FSC Sharing is Caring system.
HARLAN PASTULA, MAC 1286858, joined the FSC Sharing is Caring system.
SALLY MT, MAC 1284089, joined the FSC Sharing is Caring system.
LORINDA VARAKUTA, MAC 1300211, joined the FSC Sharing is Caring system.
TRESA ALCOCER, MAC 1253847, joined the FSC Sharing is Caring system.
JOSEFINE HIGHBAUGH, MAC 1273020, joined the FSC Sharing is Caring system.
KATELYNN SHERFEY, MAC 1294267, joined the FSC Sharing is Caring system.
EMELY KASPEREK, MAC 1275608, joined the FSC Sharing is Caring system.
MACIE GALAN, MAC 1268809, joined the FSC Sharing is Caring system.
NANNETTE BRAD, MAC 1258490, joined the FSC Sharing is Caring system.
RENEE DARNALL, MAC 1263323, joined the FSC Sharing is Caring system.
LEEANNA SAMPSON, MAC 1292128, joined the FSC Sharing is Caring system.
JANIE STREIGHT, MAC 1296887, joined the FSC Sharing is Caring system.
MAXINE LOHRENZ, MAC 1279517, joined the FSC Sharing is Caring system.
KARMEN RINKE, MAC 1290764, joined the FSC Sharing is Caring system.
ROSALINDA GOODLOW, MAC 1270212, joined the FSC Sharing is Caring system.
SAVANNA JORGE, MAC 1275138, joined the FSC Sharing is Caring system.
NITA HOLES, MAC 1273473, joined the FSC Sharing is Caring system.
PARIS HITZEMAN, MAC 1273272, joined the FSC Sharing is Caring system.
DOT KITCHELL, MAC 1276395, joined the FSC Sharing is Caring system.
SASHA PRINZI, MAC 1288920, joined the FSC Sharing is Caring system.
OLGA KINGS, MAC 1276272, joined the FSC Sharing is Caring system.
BRITTANEY DUCHATELLIER, MAC 1265488, joined the FSC Sharing is Caring system.
JEFFIE BLEAKLEY, MAC 1257532, joined the FSC Sharing is Caring system.
IVONNE BEECKEN, MAC 1256353, joined the FSC Sharing is Caring system.
SHAWANDA PIERATT, MAC 1287793, joined the FSC Sharing is Caring system.
TABETHA MANGAT, MAC 1280771, joined the FSC Sharing is Caring system.
MACKENZIE WOODKA, MAC 1302574, joined the FSC Sharing is Caring system.
VALRIE UCCELLINI, MAC 1299583, joined the FSC Sharing is Caring system.
GRISELDA ESTY, MAC 1266738, joined the FSC Sharing is Caring system.
CHARISSE FAHL, MAC 1266867, joined the FSC Sharing is Caring system.
HANNAH OHAVER, MAC 1285707, joined the FSC Sharing is Caring system.
ERINN JACOT, MAC 1274695, joined the FSC Sharing is Caring system.
AVERY MCTIER, MAC 1282353, joined the FSC Sharing is Caring system.
MAC 1288967 has been removed from the FSC Sharing is Caring system.
MAC 1266738 and MAC 1276272 are now linked.
MAC 1262663 and MAC 1287543 are now linked.
ZELDA BOGARD, MAC 1257800, joined the FSC Sharing is Caring system.
Cannot Perform QUIT Command:
	MAC 1290208 not found in the FSC Sharing is Caring system.
MAC 1302574 and MAC 1265488 are now linked.
WM SCHEIBNER, MAC 1292700, joined the FSC Sharing is Caring system.
MAC 1287543 and MAC 1287793 are now linked.
RUBYE WUEST, MAC 1302718, joined the FSC Sharing is Caring system.
MAC 1266867 has been removed from the FSC Sharing is Caring system.
MAC 1292700 and MAC 1253847 are now linked.
MORRIS MARCHIONE, MAC 1280917, joined the FSC Sharing is Caring system.
ALAYNA ALAMIN, MAC 1253782, joined the FSC Sharing is Caring system.
Connections for MAC 1265488, BRITTANEY DUCHATELLIER, currently at position (13, 20):
	There are a total of 1 link(s).
	There are 1 active link(s) within the broadcast range of 61:
		MAC 1302574, MACKENZIE WOODKA, currently at position (47, 48)
MAC 1302574 and MAC 1290280 are now linked.
SALVATORE LOEW, MAC 1279483, joined the FSC Sharing is Caring system.
MAC 1300521 has no links.
ZOILA PIETSCH, MAC 1287846, joined the FSC Sharing is Caring system.
Cannot Perform LINK Command:
	MAC 1260789 - This MAC Address is not in the FSC Sharing is Caring system.
	MAC 1285769 - This MAC Address is not in the FSC Sharing is Caring system.
MAC 1257532 has no links.
Cannot Perform UNLINK Command:
	MAC 1287793 and MAC 1287793 are not currently linked.
MAC 1302718 and MAC 1275608 are now linked.
MAC 1273272 and MAC 1274695 are now linked.
MAC 1280771 and MAC 1263323 are now linked.
MAC 1255110 and MAC 1257532 are now linked.
MAC 1302574 and MAC 1284089 are now linked.
MAC 1257532 and MAC 1257532 are now linked.
MAC 1290764 and MAC 1275138 are now linked.
MAC 1287793 and MAC 1286858 are now linked.
All devices successfully moved.
All devices successfully moved.
MAC 1253847 and MAC 1253847 are now linked.
MAC 1301081 has no links.
Cannot Perform JOIN Command:
	MAC 1253782, ALAYNA ALAMIN - already a participant in the FSC Sharing is Caring system.
All devices successfully moved.
MAC 1262663 and MAC 1265488 are now linked.
MAC 1263323 and MAC 1263323 are now linked.
MAC 1280917 and MAC 1265488 are now linked.
DEENA MURRELL, MAC 1284332, joined the FSC Sharing is Caring system.
MAC 1287543 and MAC 1255110 are now linked.
MAC 1253407 has no links.
QIANA ROBAR, MAC 1290909, joined the FSC Sharing is Caring system.
All devices successfully moved.
Cannot Perform JOIN Command:
	MAC 1287846, ZOILA PIETSCH - already a participant in the FSC Sharing is Caring system.
Found:  MAC 1276395, DOT KITCHELL, currently at position (39, 48), 0 Links
MAC 1253847 and MAC 1275195 are now linked.
Cannot Perform UNLINK Command:
	MAC 1287793 and MAC 1287793 are not currently linked.
MAC 1296887 and MAC 1294958 are now linked.
MAC 1279517 and MAC 1294267 are now linked.
MAC 1266738 and MAC 1258490 are now linked.
All devices successfully moved.
Connections for MAC 1294267, KATELYNN SHERFEY, currently at position (12, 0):
	There are a total of 1 link(s).
	There are 1 active link(s) within the broadcast range of 51:
		MAC 1279517, MAXINE LOHRENZ, currently at position (49, 18)
KRISTIN CHALCRAFT, MAC 1261038, joined the FSC Sharing is Caring system.
MAC 1292700 and MAC 1294958 are now linked.
MAC 1265197 not found in the FSC Sharing is Caring system.
EVON HINTZ, MAC 1273194, joined the FSC Sharing is Caring system.
Cannot Perform UNLINK Command:
	MAC 1300211 and MAC 1270212 are not currently linked.
Found:  MAC 1258490, NANNETTE BRAD, currently at position (13, 39), 1 Link
MAC 1256353 has no links.
GILBERT HERMANCE, MAC 1272732, joined the FSC Sharing is Caring system.
MAC 1268809 has no links.
MAC 1293732 and MAC 1292128 are now linked.
KENDA SACANE, MAC 1291808, joined the FSC Sharing is Caring system.
Connections for MAC 1280917, MORRIS MARCHIONE, currently at position (18, 31):
	There are a total of 1 link(s).
	There are NO active links within the broadcast range of 18.
Cannot Perform LINK Command:
	MAC 1270149 - This MAC Address is not in the FSC Sharing is Caring system.
	MAC 1263156 - This MAC Address is not in the FSC Sharing is Caring system.
All devices successfully moved.
MAC 1263323 and MAC 1287793 are now linked.
Connections for MAC 1287793, SHAWANDA PIERATT, currently at position (27, 28):
	There are a total of 3 link(s).
	There are NO active links within the broadcast range of 3.
All devices successfully moved.
HAN VENDETTI, MAC 1300402, joined the FSC Sharing is Caring system.
AARON SHERLES, MAC 1294276, joined the FSC Sharing is Caring system.
ALEJANDRO STILLS, MAC 1296539, joined the FSC Sharing is Caring system.
All devices successfully moved.
MAC 1253913 has no links.
Connections for MAC 1293732, BONNIE SELMAN, currently at position (36, 13):
	There are a total of 1 link(s).
	There are 1 active link(s) within the broadcast range of 37:
		MAC 1292128, LEEANNA SAMPSON, currently at position (48, 33)
Cannot Perform LINK Command:
	MAC 1273898 - This MAC Address is not in the FSC Sharing is Caring system.
	MAC 1291576 - This MAC Address is not in the FSC Sharing is Caring system.
MAC 1268274 and MAC 1273272 are now linked.
MAC 1296539 has no links.
MAC 1299583 and MAC 1287543 are now linked.
Members of FSC Sharing is Caring System:
	MAC 1253407, TONJA ABRIAL, currently at position (15, 31), 0 Links
	MAC 1253782, ALAYNA ALAMIN, currently at position (0, 7), 0 Links
	MAC 1253847, TRESA ALCOCER, currently at position (44, 8), 4 Links
	MAC 1253913, MANUELA ALLARA, currently at position (19, 42), 0 Links
	MAC 1255110, JENICE AUSTGEN, currently at position (19, 37), 2 Links
	MAC 1256353, IVONNE BEECKEN, currently at position (26, 28), 0 Links
	MAC 1257532, JEFFIE BLEAKLEY, currently at position (46, 32), 3 Links
	MAC 1257800, ZELDA BOGARD, currently at position (43, 13), 0 Links
	MAC 1258490, NANNETTE BRAD, currently at position (0, 45), 1 Link
	MAC 1261038, KRISTIN CHALCRAFT, currently at position (6, 26), 0 Links
	MAC 1262339, JOSEFINE CORRIHER, currently at position (48, 41), 0 Links
	MAC 1262663, DANICA CRANSON, currently at position (44, 20), 2 Links
	MAC 1263323, RENEE DARNALL, currently at position (48, 15), 4 Links
	MAC 1265488, BRITTANEY DUCHATELLIER, currently at position (15, 31), 3 Links
	MAC 1266738, GRISELDA ESTY, currently at position (6, 28), 2 Links
	MAC 1268274, EMMY FRANCESE, currently at position (16, 31), 1 Link
	MAC 1268809, MACIE GALAN, currently at position (17, 24), 0 Links
	MAC 1270212, ROSALINDA GOODLOW, currently at position (0, 39), 0 Links
	MAC 1272732, GILBERT HERMANCE, currently at position (16, 38), 0 Links
	MAC 1273020, JOSEFINE HIGHBAUGH, currently at position (42, 24), 0 Links
	MAC 1273194, EVON HINTZ, currently at position (38, 18), 0 Links
	MAC 1273272, PARIS HITZEMAN, currently at position (18, 37), 2 Links
	MAC 1273473, NITA HOLES, currently at position (2, 28), 0 Links
	MAC 1274695, ERINN JACOT, currently at position (43, 35), 1 Link
	MAC 1275138, SAVANNA JORGE, currently at position (22, 44), 1 Link
	MAC 1275195, IVELISSE JOUBERT, currently at position (7, 3), 1 Link
	MAC 1275608, EMELY KASPEREK, currently at position (10, 48), 1 Link
	MAC 1276272, OLGA KINGS, currently at position (41, 19), 1 Link
	MAC 1276395, DOT KITCHELL, currently at position (8, 19), 0 Links
	MAC 1279483, SALVATORE LOEW, currently at position (3, 22), 0 Links
	MAC 1279517, MAXINE LOHRENZ, currently at position (22, 10), 1 Link
	MAC 1280771, TABETHA MANGAT, currently at position (41, 33), 1 Link
	MAC 1280917, MORRIS MARCHIONE, currently at position (8, 48), 1 Link
	MAC 1282353, AVERY MCTIER, currently at position (35, 48), 0 Links
	MAC 1283229, CHANA MINSKEY, currently at position (6, 19), 0 Links
	MAC 1283449, ALVA MOEUY, currently at position (18, 5), 0 Links
	MAC 1284089, SALLY MT, currently at position (10, 12), 1 Link
	MAC 1284332, DEENA MURRELL, currently at position (39, 33), 0 Links
	MAC 1285707, HANNAH OHAVER, currently at position (38, 38), 0 Links
	MAC 1286858, HARLAN PASTULA, currently at position (31, 11), 1 Link
	MAC 1287543, KATHIE PETRUCCI, currently at position (32, 42), 4 Links
	MAC 1287793, SHAWANDA PIERATT, currently at position (37, 32), 3 Links
	MAC 1287846, ZOILA PIETSCH, currently at position (37, 23), 0 Links
	MAC 1288920, SASHA PRINZI, currently at position (39, 14), 0 Links
	MAC 1290280, BUSTER REMBOLD, currently at position (22, 5), 1 Link
	MAC 1290764, KARMEN RINKE, currently at position (43, 34), 1 Link
	MAC 1290909, QIANA ROBAR, currently at position (2, 14), 0 Links
	MAC 1291808, KENDA SACANE, currently at position (14, 4), 0 Links
	MAC 1292128, LEEANNA SAMPSON, currently at position (48, 33), 1 Link
	MAC 1292700, WM SCHEIBNER, currently at position (43, 36), 2 Links
	MAC 1293066, JENINE SCHONFELD, currently at position (8, 11), 0 Links
	MAC 1293732, BONNIE SELMAN, currently at position (36, 13), 1 Link
	MAC 1294267, KATELYNN SHERFEY, currently at position (7, 36), 1 Link
	MAC 1294276, AARON SHERLES, currently at position (26, 18), 0 Links
	MAC 1294958, GEMA SITTRE, currently at position (19, 23), 2 Links
	MAC 1296539, ALEJANDRO STILLS, currently at position (12, 14), 0 Links
	MAC 1296887, JANIE STREIGHT, currently at position (39, 8), 1 Link
	MAC 1299583, VALRIE UCCELLINI, currently at position (37, 21), 1 Link
	MAC 1300211, LORINDA VARAKUTA, currently at position (34, 30), 0 Links
	MAC 1300402, HAN VENDETTI, currently at position (21, 6), 0 Links
	MAC 1300521, VERDELL VEYS, currently at position (15, 38), 0 Links
	MAC 1301081, ALBINA WANCA, currently at position (46, 24), 0 Links
	MAC 1302574, MACKENZIE WOODKA, currently at position (3, 21), 3 Links
	MAC 1302718, RUBYE WUEST, currently at position (36, 46), 1 Link
PHYLIS BUCKMILLER, MAC 1259352, joined the FSC Sharing is Caring system.
All devices successfully moved.
HWA MARSHELL, MAC 1281121, joined the FSC Sharing is Caring system.
Connections for MAC 1275195, IVELISSE JOUBERT, currently at position (35, 17):
	There are a total of 1 link(s).
	There are 1 active link(s) within the broadcast range of 73:
		MAC 1253847, TRESA ALCOCER, currently at position (5, 25)
All devices successfully moved.
IRENA FEUTZ, MAC 1267576, joined the FSC Sharing is Caring system.
MAC 1285707 and MAC 1300521 are now linked.
Found:  MAC 1266738, GRISELDA ESTY, currently at position (20, 5), 2 Links
Members of FSC Sharing is Caring System:
	MAC 1253407, TONJA ABRIAL, currently at position (47, 26), 0 Links
	MAC 1253782, ALAYNA ALAMIN, currently at position (35, 43), 0 Links
	MAC 1253847, TRESA ALCOCER, currently at position (40, 19), 4 Links
	MAC 1253913, MANUELA ALLARA, currently at position (16, 28), 0 Links
	MAC 1255110, JENICE AUSTGEN, currently at position (18, 40), 2 Links
	MAC 1256353, IVONNE BEECKEN, currently at position (5, 46), 0 Links
	MAC 1257532, JEFFIE BLEAKLEY, currently at position (23, 20), 3 Links
	MAC 1257800, ZELDA BOGARD, currently at position (25, 24), 0 Links
	MAC 1258490, NANNETTE BRAD, currently at position (4, 7), 1 Link
	MAC 1259352, PHYLIS BUCKMILLER, currently at position (4, 33), 0 Links
	MAC 1261038, KRISTIN CHALCRAFT, currently at position (19, 22), 0 Links
	MAC 1262339, JOSEFINE CORRIHER, currently at position (18, 8), 0 Links
	MAC 1262663, DANICA CRANSON, currently at position (5, 23), 2 Links
	MAC 1263323, RENEE DARNALL, currently at position (18, 33), 4 Links
	MAC 1265488, BRITTANEY DUCHATELLIER, currently at position (24, 15), 3 Links
	MAC 1266738, GRISELDA ESTY, currently at position (20, 5), 2 Links
	MAC 1267576, IRENA FEUTZ, currently at position (0, 0), 0 Links
	MAC 1268274, EMMY FRANCESE, currently at position (34, 32), 1 Link
	MAC 1268809, MACIE GALAN, currently at position (23, 34), 0 Links
	MAC 1270212, ROSALINDA GOODLOW, currently at position (31, 43), 0 Links
	MAC 1272732, GILBERT HERMANCE, currently at position (8, 44), 0 Links
	MAC 1273020, JOSEFINE HIGHBAUGH, currently at position (42, 2), 0 Links
	MAC 1273194, EVON HINTZ, currently at position (47, 38), 0 Links
	MAC 1273272, PARIS HITZEMAN, currently at position (14, 36), 2 Links
	MAC 1273473, NITA HOLES, currently at position (20, 44), 0 Links
	MAC 1274695, ERINN JACOT, currently at position (12, 49), 1 Link
	MAC 1275138, SAVANNA JORGE, currently at position (26, 45), 1 Link
	MAC 1275195, IVELISSE JOUBERT, currently at position (12, 10), 1 Link
	MAC 1275608, EMELY KASPEREK, currently at position (20, 49), 1 Link
	MAC 1276272, OLGA KINGS, currently at position (29, 3), 1 Link
	MAC 1276395, DOT KITCHELL, currently at position (24, 31), 0 Links
	MAC 1279483, SALVATORE LOEW, currently at position (27, 12), 0 Links
	MAC 1279517, MAXINE LOHRENZ, currently at position (45, 40), 1 Link
	MAC 1280771, TABETHA MANGAT, currently at position (10, 35), 1 Link
	MAC 1280917, MORRIS MARCHIONE, currently at position (19, 33), 1 Link
	MAC 1281121, HWA MARSHELL, currently at position (38, 26), 0 Links
	MAC 1282353, AVERY MCTIER, currently at position (15, 19), 0 Links
	MAC 1283229, CHANA MINSKEY, currently at position (46, 45), 0 Links
	MAC 1283449, ALVA MOEUY, currently at position (0, 17), 0 Links
	MAC 1284089, SALLY MT, currently at position (48, 22), 1 Link
	MAC 1284332, DEENA MURRELL, currently at position (20, 45), 0 Links
	MAC 1285707, HANNAH OHAVER, currently at position (17, 27), 1 Link
	MAC 1286858, HARLAN PASTULA, currently at position (17, 47), 1 Link
	MAC 1287543, KATHIE PETRUCCI, currently at position (1, 29), 4 Links
	MAC 1287793, SHAWANDA PIERATT, currently at position (15, 47), 3 Links
	MAC 1287846, ZOILA PIETSCH, currently at position (27, 43), 0 Links
	MAC 1288920, SASHA PRINZI, currently at position (49, 46), 0 Links
	MAC 1290280, BUSTER REMBOLD, currently at position (10, 42), 1 Link
	MAC 1290764, KARMEN RINKE, currently at position (10, 9), 1 Link
	MAC 1290909, QIANA ROBAR, currently at position (26, 49), 0 Links
	MAC 1291808, KENDA SACANE, currently at position (27, 26), 0 Links
	MAC 1292128, LEEANNA SAMPSON, currently at position (20, 29), 1 Link
	MAC 1292700, WM SCHEIBNER, currently at position (16, 3), 2 Links
	MAC 1293066, JENINE SCHONFELD, currently at position (49, 31), 0 Links
	MAC 1293732, BONNIE SELMAN, currently at position (23, 7), 1 Link
	MAC 1294267, KATELYNN SHERFEY, currently at position (30, 26), 1 Link
	MAC 1294276, AARON SHERLES, currently at position (8, 45), 0 Links
	MAC 1294958, GEMA SITTRE, currently at position (4, 47), 2 Links
	MAC 1296539, ALEJANDRO STILLS, currently at position (28, 28), 0 Links
	MAC 1296887, JANIE STREIGHT, currently at position (38, 12), 1 Link
	MAC 1299583, VALRIE UCCELLINI, currently at position (9, 1), 1 Link
	MAC 1300211, LORINDA VARAKUTA, currently at position (43, 6), 0 Links
	MAC 1300402, HAN VENDETTI, currently at position (28, 46), 0 Links
	MAC 1300521, VERDELL VEYS, currently at position (13, 2), 1 Link
	MAC 1301081, ALBINA WANCA, currently at position (16, 44), 0 Links
	MAC 1302574, MACKENZIE WOODKA, currently at position (5, 37), 3 Links
	MAC 1302718, RUBYE WUEST, currently at position (15, 29), 1 Link
Cannot Perform UNLINK Command:
	MAC 1266738 and MAC 1266738 are not currently linked.
All devices successfully moved.
Cannot Perform SHOWCONNECTIONS Command:
	MAC 1289082 - This MAC Address is not in the FSC Sharing is Caring system.
SIRENA SCHRUBBE, MAC 1293150, joined the FSC Sharing is Caring system.
MAC 1300521 and MAC 1273020 are now linked.
Cannot Perform LINK Command:
	MAC 1303476 - This MAC Address is not in the FSC Sharing is Caring system.
	MAC 1289851 - This MAC Address is not in the FSC Sharing is Caring system.
HARRIS BACONE, MAC 1255337, joined the FSC Sharing is Caring system.
MAC 1283229 and MAC 1253407 are now linked.
Cannot Perform LINK Command:
	MAC 1253962 - This MAC Address is not in the FSC Sharing is Caring system.
	MAC 1286058 - This MAC Address is not in the FSC Sharing is Caring system.
OLYMPIA HASKELL, MAC 1271961, joined the FSC Sharing is Caring system.
Cannot Perform UNLINK Command:
	MAC 1285707 and MAC 1285707 are not currently linked.
Cannot Perform UNLINK Command:
	MAC 1283229 and MAC 1283229 are not currently linked.
MAC 1291808 and MAC 1287846 are now linked.
MAC 1290280 and MAC 1270212 are now linked.
Found:  MAC 1270212, ROSALINDA GOODLOW, currently at position (2, 37), 1 Link
Connections for MAC 1268274, EMMY FRANCESE, currently at position (24, 4):
	There are a total of 1 link(s).
	There are 1 active link(s) within the broadcast range of 96:
		MAC 1273272, PARIS HITZEMAN, currently at position (20, 9)
MAC 1257800 and MAC 1291808 are now linked.
MAC 1280917 and MAC 1273020 are now linked.
Connections for MAC 1287846, ZOILA PIETSCH, currently at position (16, 6):
	There are a total of 1 link(s).
	There are 1 active link(s) within the broadcast range of 87:
		MAC 1291808, KENDA SACANE, currently at position (37, 23)
MAC 1293066 has no links.
All devices successfully moved.
SHELLI FANION, MAC 1266985, joined the FSC Sharing is Caring system.
All devices successfully moved.
All devices successfully moved.
MAC 1296539 and MAC 1273272 are now linked.
MAC 1290909 and MAC 1272732 are now linked.
Connections for MAC 1265488, BRITTANEY DUCHATELLIER, currently at position (5, 26):
	There are a total of 3 link(s).
	There are 3 active link(s) within the broadcast range of 61:
		MAC 1262663, DANICA CRANSON, currently at position (2, 24)
		MAC 1280917, MORRIS MARCHIONE, currently at position (4, 10)
		MAC 1302574, MACKENZIE WOODKA, currently at position (11, 35)
All devices successfully moved.
MAC 1266985 has been removed from the FSC Sharing is Caring system.
Found:  MAC 1258490, NANNETTE BRAD, currently at position (27, 9), 1 Link
Connections for MAC 1265488, BRITTANEY DUCHATELLIER, currently at position (15, 16):
	There are a total of 3 link(s).
	There are 3 active link(s) within the broadcast range of 61:
		MAC 1262663, DANICA CRANSON, currently at position (33, 48)
		MAC 1280917, MORRIS MARCHIONE, currently at position (1, 34)
		MAC 1302574, MACKENZIE WOODKA, currently at position (41, 16)
Cannot Perform LINK Command:
	MAC 1254377 - This MAC Address is not in the FSC Sharing is Caring system.
	MAC 1292373 - This MAC Address is not in the FSC Sharing is Caring system.
Cannot Perform JOIN Command:
	MAC 1268274, EMMY FRANCESE - already a participant in the FSC Sharing is Caring system.
MAC 1273272 and MAC 1273272 are now linked.
Cannot Perform UNLINK Command:
	MAC 1270212 and MAC 1270212 are not currently linked.
MAC 1283449 and MAC 1273473 are now linked.
MAC 1290280 and MAC 1281121 are now linked.
MAC 1290909 and MAC 1255337 are now linked.
GIOVANNA RICARDEZ, MAC 1290569, joined the FSC Sharing is Caring system.
All devices successfully moved.
MAC 1283229 and MAC 1268809 are now linked.
All devices successfully moved.
MAC 1300211 has no links.
CATHERIN JASTREMSKI, MAC 1274872, joined the FSC Sharing is Caring system.
All devices successfully moved.
Connections for MAC 1255110, JENICE AUSTGEN, currently at position (40, 20):
	There are a total of 2 link(s).
	There are NO active links within the broadcast range of 13.
MAC 1256353 has no links.
Cannot Perform LINK Command:
	MAC 1278882 - This MAC Address is not in the FSC Sharing is Caring system.
	MAC 1275362 - This MAC Address is not in the FSC Sharing is Caring system.
All devices successfully moved.
All devices successfully moved.
MAC 1273194 and MAC 1287846 are now linked.
All devices successfully moved.
Found:  MAC 1262339, JOSEFINE CORRIHER, currently at position (43, 2), 0 Links
Found:  MAC 1268274, EMMY FRANCESE, currently at position (21, 29), 1 Link
Members of FSC Sharing is Caring System:
	MAC 1253407, TONJA ABRIAL, currently at position (41, 29), 1 Link
	MAC 1253782, ALAYNA ALAMIN, currently at position (29, 11), 0 Links
	MAC 1253847, TRESA ALCOCER, currently at position (2, 43), 4 Links
	MAC 1253913, MANUELA ALLARA, currently at position (12, 9), 0 Links
	MAC 1255110, JENICE AUSTGEN, currently at position (29, 13), 2 Links
	MAC 1255337, HARRIS BACONE, currently at position (0, 3), 1 Link
	MAC 1256353, IVONNE BEECKEN, currently at position (31, 48), 0 Links
	MAC 1257532, JEFFIE BLEAKLEY, currently at position (12, 17), 3 Links
	MAC 1257800, ZELDA BOGARD, currently at position (43, 31), 1 Link
	MAC 1258490, NANNETTE BRAD, currently at position (49, 24), 1 Link
	MAC 1259352, PHYLIS BUCKMILLER, currently at position (37, 15), 0 Links
	MAC 1261038, KRISTIN CHALCRAFT, currently at position (28, 18), 0 Links
	MAC 1262339, JOSEFINE CORRIHER, currently at position (43, 2), 0 Links
	MAC 1262663, DANICA CRANSON, currently at position (21, 49), 2 Links
	MAC 1263323, RENEE DARNALL, currently at position (17, 9), 4 Links
	MAC 1265488, BRITTANEY DUCHATELLIER, currently at position (27, 16), 3 Links
	MAC 1266738, GRISELDA ESTY, currently at position (33, 10), 2 Links
	MAC 1267576, IRENA FEUTZ, currently at position (6, 46), 0 Links
	MAC 1268274, EMMY FRANCESE, currently at position (21, 29), 1 Link
	MAC 1268809, MACIE GALAN, currently at position (3, 33), 1 Link
	MAC 1270212, ROSALINDA GOODLOW, currently at position (20, 3), 1 Link
	MAC 1271961, OLYMPIA HASKELL, currently at position (16, 45), 0 Links
	MAC 1272732, GILBERT HERMANCE, currently at position (15, 39), 1 Link
	MAC 1273020, JOSEFINE HIGHBAUGH, currently at position (3, 3), 2 Links
	MAC 1273194, EVON HINTZ, currently at position (0, 35), 1 Link
	MAC 1273272, PARIS HITZEMAN, currently at position (44, 1), 5 Links
	MAC 1273473, NITA HOLES, currently at position (22, 47), 1 Link
	MAC 1274695, ERINN JACOT, currently at position (19, 48), 1 Link
	MAC 1274872, CATHERIN JASTREMSKI, currently at position (19, 24), 0 Links
	MAC 1275138, SAVANNA JORGE, currently at position (10, 49), 1 Link
	MAC 1275195, IVELISSE JOUBERT, currently at position (44, 9), 1 Link
	MAC 1275608, EMELY KASPEREK, currently at position (19, 13), 1 Link
	MAC 1276272, OLGA KINGS, currently at position (13, 17), 1 Link
	MAC 1276395, DOT KITCHELL, currently at position (8, 39), 0 Links
	MAC 1279483, SALVATORE LOEW, currently at position (46, 32), 0 Links
	MAC 1279517, MAXINE LOHRENZ, currently at position (42, 11), 1 Link
	MAC 1280771, TABETHA MANGAT, currently at position (21, 43), 1 Link
	MAC 1280917, MORRIS MARCHIONE, currently at position (18, 3), 2 Links
	MAC 1281121, HWA MARSHELL, currently at position (17, 41), 1 Link
	MAC 1282353, AVERY MCTIER, currently at position (19, 37), 0 Links
	MAC 1283229, CHANA MINSKEY, currently at position (32, 25), 2 Links
	MAC 1283449, ALVA MOEUY, currently at position (24, 31), 1 Link
	MAC 1284089, SALLY MT, currently at position (2, 36), 1 Link
	MAC 1284332, DEENA MURRELL, currently at position (1, 7), 0 Links
	MAC 1285707, HANNAH OHAVER, currently at position (30, 11), 1 Link
	MAC 1286858, HARLAN PASTULA, currently at position (48, 26), 1 Link
	MAC 1287543, KATHIE PETRUCCI, currently at position (43, 31), 4 Links
	MAC 1287793, SHAWANDA PIERATT, currently at position (28, 40), 3 Links
	MAC 1287846, ZOILA PIETSCH, currently at position (9, 38), 2 Links
	MAC 1288920, SASHA PRINZI, currently at position (6, 12), 0 Links
	MAC 1290280, BUSTER REMBOLD, currently at position (12, 40), 3 Links
	MAC 1290569, GIOVANNA RICARDEZ, currently at position (9, 7), 0 Links
	MAC 1290764, KARMEN RINKE, currently at position (32, 19), 1 Link
	MAC 1290909, QIANA ROBAR, currently at position (20, 38), 2 Links
	MAC 1291808, KENDA SACANE, currently at position (0, 31), 2 Links
	MAC 1292128, LEEANNA SAMPSON, currently at position (16, 37), 1 Link
	MAC 1292700, WM SCHEIBNER, currently at position (27, 48), 2 Links
	MAC 1293066, JENINE SCHONFELD, currently at position (16, 27), 0 Links
	MAC 1293150, SIRENA SCHRUBBE, currently at position (15, 25), 0 Links
	MAC 1293732, BONNIE SELMAN, currently at position (38, 17), 1 Link
	MAC 1294267, KATELYNN SHERFEY, currently at position (38, 8), 1 Link
	MAC 1294276, AARON SHERLES, currently at position (41, 36), 0 Links
	MAC 1294958, GEMA SITTRE, currently at position (9, 4), 2 Links
	MAC 1296539, ALEJANDRO STILLS, currently at position (30, 45), 1 Link
	MAC 1296887, JANIE STREIGHT, currently at position (7, 14), 1 Link
	MAC 1299583, VALRIE UCCELLINI, currently at position (20, 27), 1 Link
	MAC 1300211, LORINDA VARAKUTA, currently at position (44, 13), 0 Links
	MAC 1300402, HAN VENDETTI, currently at position (25, 9), 0 Links
	MAC 1300521, VERDELL VEYS, currently at position (18, 34), 2 Links
	MAC 1301081, ALBINA WANCA, currently at position (37, 39), 0 Links
	MAC 1302574, MACKENZIE WOODKA, currently at position (24, 27), 3 Links
	MAC 1302718, RUBYE WUEST, currently at position (43, 3), 1 Link
All devices successfully moved.
MAC 1275608 and MAC 1300521 are now linked.
All devices successfully moved.
MAC 1265488 and MAC 1273020 are now linked.
MAC 1296539 and MAC 1261038 are now linked.
MAC 1262339 and MAC 1300521 are now linked.
MAC 1275195 and MAC 1253407 are now linked.
MAC 1275608 and MAC 1268809 are now linked.
All devices successfully moved.
JESSICA KOBYLINSKI, MAC 1276708, joined the FSC Sharing is Caring system.
Found:  MAC 1293150, SIRENA SCHRUBBE, currently at position (44, 27), 0 Links
MAC 1276708 and MAC 1259352 are now linked.
MAC 1279517 has been removed from the FSC Sharing is Caring system.
Found:  MAC 1267576, IRENA FEUTZ, currently at position (35, 31), 0 Links
Cannot Perform LINK Command:
	MAC 1258351 - This MAC Address is not in the FSC Sharing is Caring system.
	MAC 1258759 - This MAC Address is not in the FSC Sharing is Caring system.
IGNACIA CUNNINGTON, MAC 1262987, joined the FSC Sharing is Caring system.
Found:  MAC 1270212, ROSALINDA GOODLOW, currently at position (37, 7), 1 Link
GRACIA BENTANCOURT, MAC 1256708, joined the FSC Sharing is Caring system.
MAC 1264721 not found in the FSC Sharing is Caring system.
GEOFFREY AIKENS, MAC 1253696, joined the FSC Sharing is Caring system.
MAC 1273020 and MAC 1267576 are now linked.
All devices successfully moved.
MAC 1275138 and MAC 1266738 are now linked.
MAC 1275138 and MAC 1268274 are now linked.
Cannot Perform JOIN Command:
	MAC 1283229, CHANA MINSKEY - already a participant in the FSC Sharing is Caring system.
All devices successfully moved.
Cannot Perform JOIN Command:
	MAC 1290764, KARMEN RINKE - already a participant in the FSC Sharing is Caring system.
MELLISA HAVLIN, MAC 1272125, joined the FSC Sharing is Caring system.
MAC 1290280 has been removed from the FSC Sharing is Caring system.
MAC 1263323 and MAC 1272732 are now linked.
Cannot Perform UNLINK Command:
	MAC 1273369 - This MAC Address is not in the FSC Sharing is Caring system.
	MAC 1275127 - This MAC Address is not in the FSC Sharing is Caring system.
MAC 1286858 and MAC 1268809 are now linked.
Cannot Perform SHOWCONNECTIONS Command:
	MAC 1266314 - This MAC Address is not in the FSC Sharing is Caring system.
MAC 1253847 and MAC 1256353 are now linked.
MAC 1283449 and MAC 1258490 are now linked.
Cannot Perform UNLINK Command:
	MAC 1262663 and MAC 1262663 are not currently linked.
Cannot Perform SHOWCONNECTIONS Command:
	MAC 1276602 - This MAC Address is not in the FSC Sharing is Caring system.
All devices successfully moved.
MAC 1287846 and MAC 1301081 are now linked.
Found:  MAC 1276395, DOT KITCHELL, currently at position (12, 37), 0 Links
EHTEL YONO, MAC 1302992, joined the FSC Sharing is Caring system.
MAC 1275138 and MAC 1300521 are now linked.
MAC 1279483 has been removed from the FSC Sharing is Caring system.
Members of FSC Sharing is Caring System:
	MAC 1253407, TONJA ABRIAL, currently at position (39, 40), 2 Links
	MAC 1253696, GEOFFREY AIKENS, currently at position (25, 35), 0 Links
	MAC 1253782, ALAYNA ALAMIN, currently at position (37, 9), 0 Links
	MAC 1253847, TRESA ALCOCER, currently at position (14, 5), 5 Links
	MAC 1253913, MANUELA ALLARA, currently at position (46, 42), 0 Links
	MAC 1255110, JENICE AUSTGEN, currently at position (6, 38), 2 Links
	MAC 1255337, HARRIS BACONE, currently at position (2, 28), 1 Link
	MAC 1256353, IVONNE BEECKEN, currently at position (36, 35), 1 Link
	MAC 1256708, GRACIA BENTANCOURT, currently at position (31, 1), 0 Links
	MAC 1257532, JEFFIE BLEAKLEY, currently at position (44, 33), 3 Links
	MAC 1257800, ZELDA BOGARD, currently at position (38, 28), 1 Link
	MAC 1258490, NANNETTE BRAD, currently at position (0, 48), 2 Links
	MAC 1259352, PHYLIS BUCKMILLER, currently at position (26, 35), 1 Link
	MAC 1261038, KRISTIN CHALCRAFT, currently at position (15, 23), 1 Link
	MAC 1262339, JOSEFINE CORRIHER, currently at position (4, 31), 1 Link
	MAC 1262663, DANICA CRANSON, currently at position (29, 25), 2 Links
	MAC 1262987, IGNACIA CUNNINGTON, currently at position (26, 5), 0 Links
	MAC 1263323, RENEE DARNALL, currently at position (41, 48), 5 Links
	MAC 1265488, BRITTANEY DUCHATELLIER, currently at position (9, 22), 4 Links
	MAC 1266738, GRISELDA ESTY, currently at position (31, 7), 3 Links
	MAC 1267576, IRENA FEUTZ, currently at position (6, 0), 1 Link
	MAC 1268274, EMMY FRANCESE, currently at position (0, 4), 2 Links
	MAC 1268809, MACIE GALAN, currently at position (30, 18), 3 Links
	MAC 1270212, ROSALINDA GOODLOW, currently at position (20, 17), 0 Links
	MAC 1271961, OLYMPIA HASKELL, currently at position (2, 36), 0 Links
	MAC 1272125, MELLISA HAVLIN, currently at position (4, 9), 0 Links
	MAC 1272732, GILBERT HERMANCE, currently at position (29, 26), 2 Links
	MAC 1273020, JOSEFINE HIGHBAUGH, currently at position (30, 24), 4 Links
	MAC 1273194, EVON HINTZ, currently at position (42, 16), 1 Link
	MAC 1273272, PARIS HITZEMAN, currently at position (25, 7), 5 Links
	MAC 1273473, NITA HOLES, currently at position (46, 14), 1 Link
	MAC 1274695, ERINN JACOT, currently at position (26, 12), 1 Link
	MAC 1274872, CATHERIN JASTREMSKI, currently at position (43, 9), 0 Links
	MAC 1275138, SAVANNA JORGE, currently at position (30, 45), 4 Links
	MAC 1275195, IVELISSE JOUBERT, currently at position (2, 7), 2 Links
	MAC 1275608, EMELY KASPEREK, currently at position (10, 24), 3 Links
	MAC 1276272, OLGA KINGS, currently at position (24, 37), 1 Link
	MAC 1276395, DOT KITCHELL, currently at position (12, 37), 0 Links
	MAC 1276708, JESSICA KOBYLINSKI, currently at position (27, 29), 1 Link
	MAC 1280771, TABETHA MANGAT, currently at position (2, 26), 1 Link
	MAC 1280917, MORRIS MARCHIONE, currently at position (4, 44), 2 Links
	MAC 1281121, HWA MARSHELL, currently at position (12, 3), 0 Links
	MAC 1282353, AVERY MCTIER, currently at position (18, 20), 0 Links
	MAC 1283229, CHANA MINSKEY, currently at position (42, 47), 2 Links
	MAC 1283449, ALVA MOEUY, currently at position (39, 29), 2 Links
	MAC 1284089, SALLY MT, currently at position (3, 6), 1 Link
	MAC 1284332, DEENA MURRELL, currently at position (38, 4), 0 Links
	MAC 1285707, HANNAH OHAVER, currently at position (14, 42), 1 Link
	MAC 1286858, HARLAN PASTULA, currently at position (26, 26), 2 Links
	MAC 1287543, KATHIE PETRUCCI, currently at position (7, 4), 4 Links
	MAC 1287793, SHAWANDA PIERATT, currently at position (24, 37), 3 Links
	MAC 1287846, ZOILA PIETSCH, currently at position (21, 11), 3 Links
	MAC 1288920, SASHA PRINZI, currently at position (7, 16), 0 Links
	MAC 1290569, GIOVANNA RICARDEZ, currently at position (37, 15), 0 Links
	MAC 1290764, KARMEN RINKE, currently at position (45, 5), 1 Link
	MAC 1290909, QIANA ROBAR, currently at position (7, 25), 2 Links
	MAC 1291808, KENDA SACANE, currently at position (20, 12), 2 Links
	MAC 1292128, LEEANNA SAMPSON, currently at position (31, 45), 1 Link
	MAC 1292700, WM SCHEIBNER, currently at position (7, 5), 2 Links
	MAC 1293066, JENINE SCHONFELD, currently at position (29, 36), 0 Links
	MAC 1293150, SIRENA SCHRUBBE, currently at position (24, 26), 0 Links
	MAC 1293732, BONNIE SELMAN, currently at position (15, 29), 1 Link
	MAC 1294267, KATELYNN SHERFEY, currently at position (10, 24), 0 Links
	MAC 1294276, AARON SHERLES, currently at position (10, 44), 0 Links
	MAC 1294958, GEMA SITTRE, currently at position (33, 2), 2 Links
	MAC 1296539, ALEJANDRO STILLS, currently at position (5, 41), 2 Links
	MAC 1296887, JANIE STREIGHT, currently at position (10, 31), 1 Link
	MAC 1299583, VALRIE UCCELLINI, currently at position (27, 30), 1 Link
	MAC 1300211, LORINDA VARAKUTA, currently at position (6, 39), 0 Links
	MAC 1300402, HAN VENDETTI, currently at position (10, 44), 0 Links
	MAC 1300521, VERDELL VEYS, currently at position (2, 5), 5 Links
	MAC 1301081, ALBINA WANCA, currently at position (17, 47), 1 Link
	MAC 1302574, MACKENZIE WOODKA, currently at position (0, 33), 2 Links
	MAC 1302718, RUBYE WUEST, currently at position (6, 35), 1 Link
	MAC 1302992, EHTEL YONO, currently at position (39, 23), 0 Links
Cannot Perform LINK Command:
	MAC 1283153 - This MAC Address is not in the FSC Sharing is Caring system.
	MAC 1254018 - This MAC Address is not in the FSC Sharing is Caring system.
All devices successfully moved.
MAC 1281121 and MAC 1286858 are now linked.
Connections for MAC 1276708, JESSICA KOBYLINSKI, currently at position (36, 31):
	There are a total of 1 link(s).
	There are 1 active link(s) within the broadcast range of 53:
		MAC 1259352, PHYLIS BUCKMILLER, currently at position (7, 24)
JAIME NEVERMAN, MAC 1284951, joined the FSC Sharing is Caring system.
Members of FSC Sharing is Caring System:
	MAC 1253407, TONJA ABRIAL, currently at position (10, 24), 2 Links
	MAC 1253696, GEOFFREY AIKENS, currently at position (18, 1), 0 Links
	MAC 1253782, ALAYNA ALAMIN, currently at position (25, 22), 0 Links
	MAC 1253847, TRESA ALCOCER, currently at position (2, 46), 5 Links
	MAC 1253913, MANUELA ALLARA, currently at position (27, 39), 0 Links
	MAC 1255110, JENICE AUSTGEN, currently at position (43, 17), 2 Links
	MAC 1255337, HARRIS BACONE, currently at position (48, 5), 1 Link
	MAC 1256353, IVONNE BEECKEN, currently at position (14, 43), 1 Link
	MAC 1256708, GRACIA BENTANCOURT, currently at position (0, 22), 0 Links
	MAC 1257532, JEFFIE BLEAKLEY, currently at position (37, 28), 3 Links
	MAC 1257800, ZELDA BOGARD, currently at position (1, 22), 1 Link
	MAC 1258490, NANNETTE BRAD, currently at position (24, 43), 2 Links
	MAC 1259352, PHYLIS BUCKMILLER, currently at position (7, 24), 1 Link
	MAC 1261038, KRISTIN CHALCRAFT, currently at position (27, 2), 1 Link
	MAC 1262339, JOSEFINE CORRIHER, currently at position (6, 33), 1 Link
	MAC 1262663, DANICA CRANSON, currently at position (27, 34), 2 Links
	MAC 1262987, IGNACIA CUNNINGTON, currently at position (34, 3), 0 Links
	MAC 1263323, RENEE DARNALL, currently at position (33, 41), 5 Links
	MAC 1265488, BRITTANEY DUCHATELLIER, currently at position (5, 7), 4 Links
	MAC 1266738, GRISELDA ESTY, currently at position (34, 48), 3 Links
	MAC 1267576, IRENA FEUTZ, currently at position (46, 35), 1 Link
	MAC 1268274, EMMY FRANCESE, currently at position (4, 15), 2 Links
	MAC 1268809, MACIE GALAN, currently at position (39, 48), 3 Links
	MAC 1270212, ROSALINDA GOODLOW, currently at position (7, 0), 0 Links
	MAC 1271961, OLYMPIA HASKELL, currently at position (14, 36), 0 Links
	MAC 1272125, MELLISA HAVLIN, currently at position (27, 28), 0 Links
	MAC 1272732, GILBERT HERMANCE, currently at position (1, 21), 2 Links
	MAC 1273020, JOSEFINE HIGHBAUGH, currently at position (37, 38), 4 Links
	MAC 1273194, EVON HINTZ, currently at position (6, 1), 1 Link
	MAC 1273272, PARIS HITZEMAN, currently at position (43, 22), 5 Links
	MAC 1273473, NITA HOLES, currently at position (32, 24), 1 Link
	MAC 1274695, ERINN JACOT, currently at position (49, 16), 1 Link
	MAC 1274872, CATHERIN JASTREMSKI, currently at position (23, 7), 0 Links
	MAC 1275138, SAVANNA JORGE, currently at position (26, 12), 4 Links
	MAC 1275195, IVELISSE JOUBERT, currently at position (27, 36), 2 Links
	MAC 1275608, EMELY KASPEREK, currently at position (11, 17), 3 Links
	MAC 1276272, OLGA KINGS, currently at position (15, 11), 1 Link
	MAC 1276395, DOT KITCHELL, currently at position (22, 4), 0 Links
	MAC 1276708, JESSICA KOBYLINSKI, currently at position (36, 31), 1 Link
	MAC 1280771, TABETHA MANGAT, currently at position (17, 19), 1 Link
	MAC 1280917, MORRIS MARCHIONE, currently at position (9, 11), 2 Links
	MAC 1281121, HWA MARSHELL, currently at position (48, 38), 1 Link
	MAC 1282353, AVERY MCTIER, currently at position (32, 42), 0 Links
	MAC 1283229, CHANA MINSKEY, currently at position (25, 44), 2 Links
	MAC 1283449, ALVA MOEUY, currently at position (34, 19), 2 Links
	MAC 1284089, SALLY MT, currently at position (23, 37), 1 Link
	MAC 1284332, DEENA MURRELL, currently at position (22, 3), 0 Links
	MAC 1284951, JAIME NEVERMAN, currently at position (29, 10), 0 Links
	MAC 1285707, HANNAH OHAVER, currently at position (42, 8), 1 Link
	MAC 1286858, HARLAN PASTULA, currently at position (41, 9), 3 Links
	MAC 1287543, KATHIE PETRUCCI, currently at position (2, 19), 4 Links
	MAC 1287793, SHAWANDA PIERATT, currently at position (37, 33), 3 Links
	MAC 1287846, ZOILA PIETSCH, currently at position (13, 41), 3 Links
	MAC 1288920, SASHA PRINZI, currently at position (12, 32), 0 Links
	MAC 1290569, GIOVANNA RICARDEZ, currently at position (46, 11), 0 Links
	MAC 1290764, KARMEN RINKE, currently at position (12, 20), 1 Link
	MAC 1290909, QIANA ROBAR, currently at position (34, 25), 2 Links
	MAC 1291808, KENDA SACANE, currently at position (42, 34), 2 Links
	MAC 1292128, LEEANNA SAMPSON, currently at position (27, 20), 1 Link
	MAC 1292700, WM SCHEIBNER, currently at position (44, 36), 2 Links
	MAC 1293066, JENINE SCHONFELD, currently at position (38, 0), 0 Links
	MAC 1293150, SIRENA SCHRUBBE, currently at position (16, 16), 0 Links
	MAC 1293732, BONNIE SELMAN, currently at position (18, 28), 1 Link
	MAC 1294267, KATELYNN SHERFEY, currently at position (28, 41), 0 Links
	MAC 1294276, AARON SHERLES, currently at position (37, 44), 0 Links
	MAC 1294958, GEMA SITTRE, currently at position (5, 6), 2 Links
	MAC 1296539, ALEJANDRO STILLS, currently at position (26, 3), 2 Links
	MAC 1296887, JANIE STREIGHT, currently at position (10, 48), 1 Link
	MAC 1299583, VALRIE UCCELLINI, currently at position (34, 26), 1 Link
	MAC 1300211, LORINDA VARAKUTA, currently at position (5, 44), 0 Links
	MAC 1300402, HAN VENDETTI, currently at position (44, 26), 0 Links
	MAC 1300521, VERDELL VEYS, currently at position (48, 46), 5 Links
	MAC 1301081, ALBINA WANCA, currently at position (32, 43), 1 Link
	MAC 1302574, MACKENZIE WOODKA, currently at position (36, 13), 2 Links
	MAC 1302718, RUBYE WUEST, currently at position (6, 0), 1 Link
	MAC 1302992, EHTEL YONO, currently at position (46, 32), 0 Links
MAC 1292700 and MAC 1290909 are now linked.
YANG HOMEYER, MAC 1273627, joined the FSC Sharing is Caring system.
MAC 1276395 and MAC 1258490 are now linked.
MAC 1296887 has been removed from the FSC Sharing is Caring system.
MAC 1300402 has no links.
Found:  MAC 1262663, DANICA CRANSON, currently at position (27, 34), 2 Links
MAC 1256353 and MAC 1288920 are now linked.
MAC 1290909 and MAC 1280771 are now linked.
Cannot Perform LINK Command:
	MAC 1298147 - This MAC Address is not in the FSC Sharing is Caring system.
	MAC 1269506 - This MAC Address is not in the FSC Sharing is Caring system.
All devices successfully moved.
BETHANIE NIERATKO, MAC 1285070, joined the FSC Sharing is Caring system.
All devices successfully moved.
MAC 1296539 and MAC 1299583 are now linked.
MAC 1256708 and MAC 1287543 are now linked.
Connections for MAC 1255337, HARRIS BACONE, currently at position (24, 15):
	There are a total of 1 link(s).
	There are NO active links within the broadcast range of 17.
Cannot Perform UNLINK Command:
	MAC 1300211 and MAC 1253696 are not currently linked.
MAC 1294267 has no links.
MAC 1276395 and MAC 1262987 are now linked.
All devices successfully moved.
Cannot Perform JOIN Command:
	MAC 1275608, EMELY KASPEREK - already a participant in the FSC Sharing is Caring system.
All devices successfully moved.
MAC 1275815 not found in the FSC Sharing is Caring system.
Found:  MAC 1253782, ALAYNA ALAMIN, currently at position (15, 42), 0 Links
MAC 1299583 and MAC 1300521 are now linked.
Found:  MAC 1286858, HARLAN PASTULA, currently at position (44, 40), 3 Links
MAC 1268809 and MAC 1268809 are now linked.
MAC 1285070 has no links.
MAC 1255110 and MAC 1268809 are now linked.
Cannot Perform JOIN Command:
	MAC 1271961, OLYMPIA HASKELL - already a participant in the FSC Sharing is Caring system.
MAC 1299583 and MAC 1262339 are now linked.
MAC 1294267 has no links.
MAC 1257532 and MAC 1288920 are now linked.
Found:  MAC 1258490, NANNETTE BRAD, currently at position (29, 43), 3 Links
All devices successfully moved.
LATOYA TRBOVICH, MAC 1298923, joined the FSC Sharing is Caring system.
Connections for MAC 1268274, EMMY FRANCESE, currently at position (28, 6):
	There are a total of 2 link(s).
	There are 2 active link(s) within the broadcast range of 96:
		MAC 1273272, PARIS HITZEMAN, currently at position (7, 3)
		MAC 1275138, SAVANNA JORGE, currently at position (17, 29)
MAC 1262663 and MAC 1258490 are now linked.
MAC 1253696 and MAC 1259352 are now linked.
Found:  MAC 1275195, IVELISSE JOUBERT, currently at position (4, 13), 2 Links
All devices successfully moved.
All devices successfully moved.
MAC 1284332 and MAC 1300521 are now linked.
Cannot Perform LINK Command:
	MAC 1262724 - This MAC Address is not in the FSC Sharing is Caring system.
	MAC 1263595 - This MAC Address is not in the FSC Sharing is Caring system.
Found:  MAC 1276272, OLGA KINGS, currently at position (29, 40), 1 Link
MAC 1272125 has no links.
MAC 1281121 and MAC 1281121 are now linked.
Connections for MAC 1284089, SALLY MT, currently at position (49, 24):
	There are a total of 1 link(s).
	There are NO active links within the broadcast range of 22.
YUNG DELHIERRO, MAC 1263861, joined the FSC Sharing is Caring system.
Connections for MAC 1259352, PHYLIS BUCKMILLER, currently at position (10, 35):
	There are a total of 2 link(s).
	There are 2 active link(s) within the broadcast range of 56:
		MAC 1253696, GEOFFREY AIKENS, currently at position (31, 43)
		MAC 1276708, JESSICA KOBYLINSKI, currently at position (25, 32)
JAKE DAMMEN, MAC 1263239, joined the FSC Sharing is Caring system.
MAC 1294276 and MAC 1263323 are now linked.
MAC 1287793 and MAC 1255110 are now linked.
Found:  MAC 1283229, CHANA MINSKEY, currently at position (9, 9), 2 Links
MAC 1276272 and MAC 1272732 are now linked.
Connections for MAC 1259352, PHYLIS BUCKMILLER, currently at position (10, 35):
	There are a total of 2 link(s).
	There are 2 active link(s) within the broadcast range of 56:
		MAC 1253696, GEOFFREY AIKENS, currently at position (31, 43)
		MAC 1276708, JESSICA KOBYLINSKI, currently at position (25, 32)
MAC 1272125 and MAC 1274695 are now linked.
MAC 1290909 has been removed from the FSC Sharing is Caring system.
MAC 1287793 and MAC 1257532 are now linked.
MAC 1272732 and MAC 1272732 are now linked.
Connections for MAC 1276272, OLGA KINGS, currently at position (29, 40):
	There are a total of 2 link(s).
	There are NO active links within the broadcast range of 6.
MAC 1300402 has no links.
Cannot Perform UNLINK Command:
	MAC 1287543 and MAC 1287543 are not currently linked.
Found:  MAC 1274872, CATHERIN JASTREMSKI, currently at position (48, 38), 0 Links
Cannot Perform UNLINK Command:
	MAC 1276272 and MAC 1276272 are not currently linked.
VAN POSKITT, MAC 1288622, joined the FSC Sharing is Caring system.
CASSANDRA RIPPEE, MAC 1290796, joined the FSC Sharing is Caring system.
ALLENE WORMUTH, MAC 1302648, joined the FSC Sharing is Caring system.
All devices successfully moved.
Connections for MAC 1293732, BONNIE SELMAN, currently at position (20, 33):
	There are a total of 1 link(s).
	There are 1 active link(s) within the broadcast range of 37:
		MAC 1292128, LEEANNA SAMPSON, currently at position (13, 37)
All devices successfully moved.
Connections for MAC 1294958, GEMA SITTRE, currently at position (22, 49):
	There are a total of 1 link(s).
	There are 1 active link(s) within the broadcast range of 38:
		MAC 1292700, WM SCHEIBNER, currently at position (8, 14)
Connections for MAC 1262663, DANICA CRANSON, currently at position (9, 25):
	There are a total of 3 link(s).
	There are 2 active link(s) within the broadcast range of 28:
		MAC 1258490, NANNETTE BRAD, currently at position (13, 34)
		MAC 1287543, KATHIE PETRUCCI, currently at position (24, 35)
Cannot Perform LINK Command:
	MAC 1295875 - This MAC Address is not in the FSC Sharing is Caring system.
	MAC 1292155 - This MAC Address is not in the FSC Sharing is Caring system.
MAC 1293066 has no links.
Cannot Perform UNLINK Command:
	MAC 1275950 - This MAC Address is not in the FSC Sharing is Caring system.
	MAC 1298878 - This MAC Address is not in the FSC Sharing is Caring system.
Connections for MAC 1255110, JENICE AUSTGEN, currently at position (39, 4):
	There are a total of 4 link(s).
	There are NO active links within the broadcast range of 13.
All devices successfully moved.
DALENE FRIER, MAC 1268492, joined the FSC Sharing is Caring system.
MAYE BARABIN, MAC 1255659, joined the FSC Sharing is Caring system.
MAC 1255337 and MAC 1255337 are now linked.
Cannot Perform UNLINK Command:
	MAC 1287846 and MAC 1287846 are not currently linked.
MAC 1255659 and MAC 1298923 are now linked.
Cannot Perform UNLINK Command:
	MAC 1275138 and MAC 1275138 are not currently linked.
CHRISTIN ANDROES, MAC 1254388, joined the FSC Sharing is Caring system.
ELLA LAYNG, MAC 1278438, joined the FSC Sharing is Caring system.
Found:  MAC 1259352, PHYLIS BUCKMILLER, currently at position (18, 29), 2 Links
MAC 1290796 has been removed from the FSC Sharing is Caring system.
MAC 1273194 and MAC 1271961 are now linked.
CELENA SOLDERS, MAC 1295407, joined the FSC Sharing is Caring system.
Members of FSC Sharing is Caring System:
	MAC 1253407, TONJA ABRIAL, currently at position (17, 37), 2 Links
	MAC 1253696, GEOFFREY AIKENS, currently at position (22, 46), 1 Link
	MAC 1253782, ALAYNA ALAMIN, currently at position (24, 37), 0 Links
	MAC 1253847, TRESA ALCOCER, currently at position (5, 39), 5 Links
	MAC 1253913, MANUELA ALLARA, currently at position (10, 37), 0 Links
	MAC 1254388, CHRISTIN ANDROES, currently at position (34, 18), 0 Links
	MAC 1255110, JENICE AUSTGEN, currently at position (48, 25), 4 Links
	MAC 1255337, HARRIS BACONE, currently at position (49, 39), 2 Links
	MAC 1255659, MAYE BARABIN, currently at position (47, 35), 1 Link
	MAC 1256353, IVONNE BEECKEN, currently at position (16, 49), 2 Links
	MAC 1256708, GRACIA BENTANCOURT, currently at position (48, 17), 1 Link
	MAC 1257532, JEFFIE BLEAKLEY, currently at position (25, 17), 5 Links
	MAC 1257800, ZELDA BOGARD, currently at position (8, 37), 1 Link
	MAC 1258490, NANNETTE BRAD, currently at position (6, 32), 4 Links
	MAC 1259352, PHYLIS BUCKMILLER, currently at position (18, 29), 2 Links
	MAC 1261038, KRISTIN CHALCRAFT, currently at position (49, 10), 1 Link
	MAC 1262339, JOSEFINE CORRIHER, currently at position (23, 23), 2 Links
	MAC 1262663, DANICA CRANSON, currently at position (22, 45), 3 Links
	MAC 1262987, IGNACIA CUNNINGTON, currently at position (2, 16), 1 Link
	MAC 1263239, JAKE DAMMEN, currently at position (38, 47), 0 Links
	MAC 1263323, RENEE DARNALL, currently at position (44, 2), 6 Links
	MAC 1263861, YUNG DELHIERRO, currently at position (9, 28), 0 Links
	MAC 1265488, BRITTANEY DUCHATELLIER, currently at position (19, 39), 4 Links
	MAC 1266738, GRISELDA ESTY, currently at position (34, 47), 3 Links
	MAC 1267576, IRENA FEUTZ, currently at position (21, 25), 1 Link
	MAC 1268274, EMMY FRANCESE, currently at position (6, 29), 2 Links
	MAC 1268492, DALENE FRIER, currently at position (4, 20), 0 Links
	MAC 1268809, MACIE GALAN, currently at position (31, 29), 6 Links
	MAC 1270212, ROSALINDA GOODLOW, currently at position (20, 23), 0 Links
	MAC 1271961, OLYMPIA HASKELL, currently at position (6, 33), 1 Link
	MAC 1272125, MELLISA HAVLIN, currently at position (44, 33), 1 Link
	MAC 1272732, GILBERT HERMANCE, currently at position (19, 8), 4 Links
	MAC 1273020, JOSEFINE HIGHBAUGH, currently at position (30, 1), 4 Links
	MAC 1273194, EVON HINTZ, currently at position (16, 29), 2 Links
	MAC 1273272, PARIS HITZEMAN, currently at position (3, 26), 5 Links
	MAC 1273473, NITA HOLES, currently at position (33, 39), 1 Link
	MAC 1273627, YANG HOMEYER, currently at position (34, 43), 0 Links
	MAC 1274695, ERINN JACOT, currently at position (17, 18), 2 Links
	MAC 1274872, CATHERIN JASTREMSKI, currently at position (15, 14), 0 Links
	MAC 1275138, SAVANNA JORGE, currently at position (21, 17), 4 Links
	MAC 1275195, IVELISSE JOUBERT, currently at position (28, 4), 2 Links
	MAC 1275608, EMELY KASPEREK, currently at position (21, 21), 3 Links
	MAC 1276272, OLGA KINGS, currently at position (25, 22), 2 Links
	MAC 1276395, DOT KITCHELL, currently at position (4, 48), 2 Links
	MAC 1276708, JESSICA KOBYLINSKI, currently at position (40, 25), 1 Link
	MAC 1278438, ELLA LAYNG, currently at position (42, 4), 0 Links
	MAC 1280771, TABETHA MANGAT, currently at position (37, 37), 1 Link
	MAC 1280917, MORRIS MARCHIONE, currently at position (5, 39), 2 Links
	MAC 1281121, HWA MARSHELL, currently at position (10, 1), 3 Links
	MAC 1282353, AVERY MCTIER, currently at position (32, 10), 0 Links
	MAC 1283229, CHANA MINSKEY, currently at position (47, 8), 2 Links
	MAC 1283449, ALVA MOEUY, currently at position (41, 31), 2 Links
	MAC 1284089, SALLY MT, currently at position (46, 31), 1 Link
	MAC 1284332, DEENA MURRELL, currently at position (9, 7), 1 Link
	MAC 1284951, JAIME NEVERMAN, currently at position (6, 23), 0 Links
	MAC 1285070, BETHANIE NIERATKO, currently at position (49, 17), 0 Links
	MAC 1285707, HANNAH OHAVER, currently at position (42, 18), 1 Link
	MAC 1286858, HARLAN PASTULA, currently at position (1, 43), 3 Links
	MAC 1287543, KATHIE PETRUCCI, currently at position (48, 7), 5 Links
	MAC 1287793, SHAWANDA PIERATT, currently at position (36, 12), 5 Links
	MAC 1287846, ZOILA PIETSCH, currently at position (23, 37), 3 Links
	MAC 1288622, VAN POSKITT, currently at position (26, 19), 0 Links
	MAC 1288920, SASHA PRINZI, currently at position (10, 33), 2 Links
	MAC 1290569, GIOVANNA RICARDEZ, currently at position (22, 34), 0 Links
	MAC 1290764, KARMEN RINKE, currently at position (45, 38), 1 Link
	MAC 1291808, KENDA SACANE, currently at position (2, 44), 2 Links
	MAC 1292128, LEEANNA SAMPSON, currently at position (23, 36), 1 Link
	MAC 1292700, WM SCHEIBNER, currently at position (8, 31), 2 Links
	MAC 1293066, JENINE SCHONFELD, currently at position (11, 32), 0 Links
	MAC 1293150, SIRENA SCHRUBBE, currently at position (20, 35), 0 Links
	MAC 1293732, BONNIE SELMAN, currently at position (42, 38), 1 Link
	MAC 1294267, KATELYNN SHERFEY, currently at position (32, 2), 0 Links
	MAC 1294276, AARON SHERLES, currently at position (44, 4), 1 Link
	MAC 1294958, GEMA SITTRE, currently at position (35, 21), 1 Link
	MAC 1295407, CELENA SOLDERS, currently at position (0, 45), 0 Links
	MAC 1296539, ALEJANDRO STILLS, currently at position (49, 49), 3 Links
	MAC 1298923, LATOYA TRBOVICH, currently at position (31, 33), 1 Link
	MAC 1299583, VALRIE UCCELLINI, currently at position (13, 40), 4 Links
	MAC 1300211, LORINDA VARAKUTA, currently at position (41, 43), 0 Links
	MAC 1300402, HAN VENDETTI, currently at position (7, 16), 0 Links
	MAC 1300521, VERDELL VEYS, currently at position (48, 45), 7 Links
	MAC 1301081, ALBINA WANCA, currently at position (14, 46), 1 Link
	MAC 1302574, MACKENZIE WOODKA, currently at position (4, 29), 2 Links
	MAC 1302648, ALLENE WORMUTH, currently at position (36, 7), 0 Links
	MAC 1302718, RUBYE WUEST, currently at position (34, 21), 1 Link
	MAC 1302992, EHTEL YONO, currently at position (13, 16), 0 Links
Found:  MAC 1265488, BRITTANEY DUCHATELLIER, currently at position (19, 39), 4 Links
MAC 1274695 and MAC 1258490 are now linked.
All devices successfully moved.
All devices successfully moved.
MAC 1275195 and MAC 1291808 are now linked.
Connections for MAC 1275195, IVELISSE JOUBERT, currently at position (39, 17):
	There are a total of 3 link(s).
	There are 3 active link(s) within the broadcast range of 73:
		MAC 1253407, TONJA ABRIAL, currently at position (10, 38)
		MAC 1253847, TRESA ALCOCER, currently at position (8, 36)
		MAC 1291808, KENDA SACANE, currently at position (26, 28)
Cannot Perform LINK Command:
	MAC 1268809 and MAC 1268809 are already linked.
MAC 1275138 and MAC 1300402 are now linked.
JAMEY COTTERELL, MAC 1262436, joined the FSC Sharing is Caring system.
All devices successfully moved.
MAC 1253913 has no links.
MAC 1275608 and MAC 1287543 are now linked.
ELISHA MUNDERVILLE, MAC 1284243, joined the FSC Sharing is Caring system.
MAC 1272732 and MAC 1294267 are now linked.
MAC 1273473 and MAC 1273473 are now linked.
MAC 1292128 and MAC 1275138 are now linked.
MAC 1257800 and MAC 1262987 are now linked.
MAC 1253407 and MAC 1256708 are now linked.
All devices successfully moved.
Cannot Perform LINK Command:
	MAC 1267540 - This MAC Address is not in the FSC Sharing is Caring system.
	MAC 1290295 - This MAC Address is not in the FSC Sharing is Caring system.
MAC 1299583 and MAC 1270212 are now linked.
Connections for MAC 1276708, JESSICA KOBYLINSKI, currently at position (36, 35):
	There are a total of 1 link(s).
	There are 1 active link(s) within the broadcast range of 53:
		MAC 1259352, PHYLIS BUCKMILLER, currently at position (20, 24)
All devices successfully moved.
Connections for MAC 1275138, SAVANNA JORGE, currently at position (30, 29):
	There are a total of 6 link(s).
	There are 6 active link(s) within the broadcast range of 83:
		MAC 1266738, GRISELDA ESTY, currently at position (16, 3)
		MAC 1268274, EMMY FRANCESE, currently at position (16, 13)
		MAC 1290764, KARMEN RINKE, currently at position (41, 36)
		MAC 1292128, LEEANNA SAMPSON, currently at position (17, 16)
		MAC 1300402, HAN VENDETTI, currently at position (1, 36)
		MAC 1300521, VERDELL VEYS, currently at position (21, 17)
MAC 1300402 has been removed from the FSC Sharing is Caring system.
MABLE PUMPHREY, MAC 1289146, joined the FSC Sharing is Caring system.
MAC 1263861 and MAC 1294958 are now linked.
All devices successfully moved.
MAC 1275195 and MAC 1284243 are now linked.
Connections for MAC 1272732, GILBERT HERMANCE, currently at position (8, 45):
	There are a total of 5 link(s).
	There are 5 active link(s) within the broadcast range of 92:
		MAC 1263323, RENEE DARNALL, currently at position (3, 23)
		MAC 1272732, GILBERT HERMANCE, currently at position (8, 45)
		MAC 1272732, GILBERT HERMANCE, currently at position (8, 45)
		MAC 1276272, OLGA KINGS, currently at position (14, 41)
		MAC 1294267, KATELYNN SHERFEY, currently at position (44, 46)
MAC 1253696 has been removed from the FSC Sharing is Caring system.
HERMELINDA KOTARSKI, MAC 1277001, joined the FSC Sharing is Caring system.
All devices successfully moved.
MAC 1275608 and MAC 1294276 are now linked.
MAC 1276708 and MAC 1288622 are now linked.
MAC 1276272 and MAC 1283449 are now linked.
All devices successfully moved.
MAC 1289146 and MAC 1292128 are now linked.
MAC 1302718 and MAC 1268809 are now linked.
MAC 1273272 and MAC 1281121 are now linked.
MAC 1253782 and MAC 1281121 are now linked.
Cannot Perform UNLINK Command:
	MAC 1270212 and MAC 1270212 are not currently linked.
Connections for MAC 1273473, NITA HOLES, currently at position (48, 31):
	There are a total of 3 link(s).
	There are 3 active link(s) within the broadcast range of 23:
		MAC 1273473, NITA HOLES, currently at position (48, 31)
		MAC 1273473, NITA HOLES, currently at position (48, 31)
		MAC 1283449, ALVA MOEUY, currently at position (32, 17)
JOANN DITTUS, MAC 1264841, joined the FSC Sharing is Caring system.
ANETTE DONKERVOET, MAC 1265078, joined the FSC Sharing is Caring system.
MAC 1288622 and MAC 1291808 are now linked.
Found:  MAC 1256708, GRACIA BENTANCOURT, currently at position (2, 2), 2 Links
GALINA LUA, MAC 1279883, joined the FSC Sharing is Caring system.
Cannot Perform LINK Command:
	MAC 1287175 - This MAC Address is not in the FSC Sharing is Caring system.
	MAC 1296721 - This MAC Address is not in the FSC Sharing is Caring system.
All devices successfully moved.
Cannot Perform UNLINK Command:
	MAC 1262663 and MAC 1262663 are not currently linked.
BUD HELDERMAN, MAC 1272453, joined the FSC Sharing is Caring system.
HARRY RZASA, MAC 1291733, joined the FSC Sharing is Caring system.
MAC 1265488 and MAC 1255337 are now linked.
MAC 1265488 and MAC 1265488 are now linked.
MAC 1285707 and MAC 1273020 are now linked.
All devices successfully moved.
MAC 1263239 has no links.
Found:  MAC 1285070, BETHANIE NIERATKO, currently at position (14, 22), 0 Links
MAC 1293150 and MAC 1255110 are now linked.
MAC 1290764 and MAC 1300521 are now linked.
Connections for MAC 1288622, VAN POSKITT, currently at position (32, 46):
	There are a total of 2 link(s).
	There are 2 active link(s) within the broadcast range of 95:
		MAC 1276708, JESSICA KOBYLINSKI, currently at position (37, 23)
		MAC 1291808, KENDA SACANE, currently at position (12, 46)
ROSEANNE BARROSO, MAC 1255940, joined the FSC Sharing is Caring system.
Members of FSC Sharing is Caring System:
	MAC 1253407, TONJA ABRIAL, currently at position (6, 3), 3 Links
	MAC 1253782, ALAYNA ALAMIN, currently at position (43, 27), 1 Link
	MAC 1253847, TRESA ALCOCER, currently at position (13, 15), 5 Links
	MAC 1253913, MANUELA ALLARA, currently at position (15, 32), 0 Links
	MAC 1254388, CHRISTIN ANDROES, currently at position (34, 4), 0 Links
	MAC 1255110, JENICE AUSTGEN, currently at position (41, 46), 5 Links
	MAC 1255337, HARRIS BACONE, currently at position (47, 5), 3 Links
	MAC 1255659, MAYE BARABIN, currently at position (25, 19), 1 Link
	MAC 1255940, ROSEANNE BARROSO, currently at position (40, 40), 0 Links
	MAC 1256353, IVONNE BEECKEN, currently at position (17, 35), 2 Links
	MAC 1256708, GRACIA BENTANCOURT, currently at position (49, 4), 2 Links
	MAC 1257532, JEFFIE BLEAKLEY, currently at position (30, 18), 5 Links
	MAC 1257800, ZELDA BOGARD, currently at position (0, 46), 2 Links
	MAC 1258490, NANNETTE BRAD, currently at position (0, 27), 5 Links
	MAC 1259352, PHYLIS BUCKMILLER, currently at position (2, 9), 1 Link
	MAC 1261038, KRISTIN CHALCRAFT, currently at position (44, 37), 1 Link
	MAC 1262339, JOSEFINE CORRIHER, currently at position (26, 19), 2 Links
	MAC 1262436, JAMEY COTTERELL, currently at position (42, 43), 0 Links
	MAC 1262663, DANICA CRANSON, currently at position (45, 6), 3 Links
	MAC 1262987, IGNACIA CUNNINGTON, currently at position (8, 6), 2 Links
	MAC 1263239, JAKE DAMMEN, currently at position (9, 25), 0 Links
	MAC 1263323, RENEE DARNALL, currently at position (38, 46), 6 Links
	MAC 1263861, YUNG DELHIERRO, currently at position (17, 19), 1 Link
	MAC 1264841, JOANN DITTUS, currently at position (22, 26), 0 Links
	MAC 1265078, ANETTE DONKERVOET, currently at position (11, 6), 0 Links
	MAC 1265488, BRITTANEY DUCHATELLIER, currently at position (46, 26), 7 Links
	MAC 1266738, GRISELDA ESTY, currently at position (5, 37), 3 Links
	MAC 1267576, IRENA FEUTZ, currently at position (24, 3), 1 Link
	MAC 1268274, EMMY FRANCESE, currently at position (46, 37), 2 Links
	MAC 1268492, DALENE FRIER, currently at position (22, 46), 0 Links
	MAC 1268809, MACIE GALAN, currently at position (5, 4), 7 Links
	MAC 1270212, ROSALINDA GOODLOW, currently at position (33, 22), 1 Link
	MAC 1271961, OLYMPIA HASKELL, currently at position (48, 10), 1 Link
	MAC 1272125, MELLISA HAVLIN, currently at position (40, 44), 1 Link
	MAC 1272453, BUD HELDERMAN, currently at position (47, 6), 0 Links
	MAC 1272732, GILBERT HERMANCE, currently at position (2, 48), 5 Links
	MAC 1273020, JOSEFINE HIGHBAUGH, currently at position (21, 24), 5 Links
	MAC 1273194, EVON HINTZ, currently at position (17, 16), 2 Links
	MAC 1273272, PARIS HITZEMAN, currently at position (2, 27), 6 Links
	MAC 1273473, NITA HOLES, currently at position (30, 18), 3 Links
	MAC 1273627, YANG HOMEYER, currently at position (37, 38), 0 Links
	MAC 1274695, ERINN JACOT, currently at position (28, 43), 3 Links
	MAC 1274872, CATHERIN JASTREMSKI, currently at position (30, 5), 0 Links
	MAC 1275138, SAVANNA JORGE, currently at position (25, 5), 5 Links
	MAC 1275195, IVELISSE JOUBERT, currently at position (42, 16), 4 Links
	MAC 1275608, EMELY KASPEREK, currently at position (7, 43), 5 Links
	MAC 1276272, OLGA KINGS, currently at position (39, 6), 3 Links
	MAC 1276395, DOT KITCHELL, currently at position (36, 7), 2 Links
	MAC 1276708, JESSICA KOBYLINSKI, currently at position (37, 23), 2 Links
	MAC 1277001, HERMELINDA KOTARSKI, currently at position (36, 37), 0 Links
	MAC 1278438, ELLA LAYNG, currently at position (41, 43), 0 Links
	MAC 1279883, GALINA LUA, currently at position (26, 37), 0 Links
	MAC 1280771, TABETHA MANGAT, currently at position (11, 21), 1 Link
	MAC 1280917, MORRIS MARCHIONE, currently at position (46, 21), 2 Links
	MAC 1281121, HWA MARSHELL, currently at position (6, 29), 5 Links
	MAC 1282353, AVERY MCTIER, currently at position (44, 12), 0 Links
	MAC 1283229, CHANA MINSKEY, currently at position (2, 20), 2 Links
	MAC 1283449, ALVA MOEUY, currently at position (45, 45), 3 Links
	MAC 1284089, SALLY MT, currently at position (7, 9), 1 Link
	MAC 1284243, ELISHA MUNDERVILLE, currently at position (36, 8), 1 Link
	MAC 1284332, DEENA MURRELL, currently at position (22, 11), 1 Link
	MAC 1284951, JAIME NEVERMAN, currently at position (43, 31), 0 Links
	MAC 1285070, BETHANIE NIERATKO, currently at position (14, 22), 0 Links
	MAC 1285707, HANNAH OHAVER, currently at position (28, 48), 2 Links
	MAC 1286858, HARLAN PASTULA, currently at position (4, 26), 3 Links
	MAC 1287543, KATHIE PETRUCCI, currently at position (5, 31), 6 Links
	MAC 1287793, SHAWANDA PIERATT, currently at position (14, 38), 5 Links
	MAC 1287846, ZOILA PIETSCH, currently at position (1, 29), 3 Links
	MAC 1288622, VAN POSKITT, currently at position (32, 46), 2 Links
	MAC 1288920, SASHA PRINZI, currently at position (22, 13), 2 Links
	MAC 1289146, MABLE PUMPHREY, currently at position (44, 6), 1 Link
	MAC 1290569, GIOVANNA RICARDEZ, currently at position (49, 5), 0 Links
	MAC 1290764, KARMEN RINKE, currently at position (10, 35), 2 Links
	MAC 1291733, HARRY RZASA, currently at position (24, 34), 0 Links
	MAC 1291808, KENDA SACANE, currently at position (12, 46), 4 Links
	MAC 1292128, LEEANNA SAMPSON, currently at position (21, 27), 3 Links
	MAC 1292700, WM SCHEIBNER, currently at position (30, 21), 2 Links
	MAC 1293066, JENINE SCHONFELD, currently at position (49, 37), 0 Links
	MAC 1293150, SIRENA SCHRUBBE, currently at position (13, 44), 1 Link
	MAC 1293732, BONNIE SELMAN, currently at position (49, 43), 1 Link
	MAC 1294267, KATELYNN SHERFEY, currently at position (37, 22), 1 Link
	MAC 1294276, AARON SHERLES, currently at position (44, 47), 2 Links
	MAC 1294958, GEMA SITTRE, currently at position (44, 36), 2 Links
	MAC 1295407, CELENA SOLDERS, currently at position (40, 6), 0 Links
	MAC 1296539, ALEJANDRO STILLS, currently at position (14, 8), 3 Links
	MAC 1298923, LATOYA TRBOVICH, currently at position (13, 33), 1 Link
	MAC 1299583, VALRIE UCCELLINI, currently at position (43, 43), 5 Links
	MAC 1300211, LORINDA VARAKUTA, currently at position (38, 29), 0 Links
	MAC 1300521, VERDELL VEYS, currently at position (15, 45), 8 Links
	MAC 1301081, ALBINA WANCA, currently at position (9, 38), 1 Link
	MAC 1302574, MACKENZIE WOODKA, currently at position (49, 47), 2 Links
	MAC 1302648, ALLENE WORMUTH, currently at position (29, 8), 0 Links
	MAC 1302718, RUBYE WUEST, currently at position (14, 10), 2 Links
	MAC 1302992, EHTEL YONO, currently at position (33, 10), 0 Links
Connections for MAC 1299583, VALRIE UCCELLINI, currently at position (43, 43):
	There are a total of 5 link(s).
	There are 5 active link(s) within the broadcast range of 82:
		MAC 1262339, JOSEFINE CORRIHER, currently at position (26, 19)
		MAC 1270212, ROSALINDA GOODLOW, currently at position (33, 22)
		MAC 1287543, KATHIE PETRUCCI, currently at position (5, 31)
		MAC 1296539, ALEJANDRO STILLS, currently at position (14, 8)
		MAC 1300521, VERDELL VEYS, currently at position (15, 45)
MAC 1291808 and MAC 1272125 are now linked.
All devices successfully moved.
MAC 1273627 and MAC 1273020 are now linked.
MAC 1276395 and MAC 1275138 are now linked.
MAC 1274872 and MAC 1275195 are now linked.
MAC 1276395 and MAC 1288920 are now linked.
Connections for MAC 1276272, OLGA KINGS, currently at position (25, 1):
	There are a total of 3 link(s).
	There are NO active links within the broadcast range of 6.
Cannot Perform LINK Command:
	MAC 1276224 - This MAC Address is not in the FSC Sharing is Caring system.
	MAC 1300455 - This MAC Address is not in the FSC Sharing is Caring system.
MAC 1300521 and MAC 1291808 are now linked.
Connections for MAC 1262987, IGNACIA CUNNINGTON, currently at position (3, 9):
	There are a total of 2 link(s).
	There are 1 active link(s) within the broadcast range of 42:
		MAC 1257800, ZELDA BOGARD, currently at position (17, 44)
JULIUS MALAKAN, MAC 1280615, joined the FSC Sharing is Caring system.
Connections for MAC 1274872, CATHERIN JASTREMSKI, currently at position (31, 12):
	There are a total of 1 link(s).
	There are 1 active link(s) within the broadcast range of 49:
		MAC 1275195, IVELISSE JOUBERT, currently at position (37, 28)
MAC 1257532 and MAC 1276272 are now linked.
JUDY JARDON, MAC 1274807, joined the FSC Sharing is Caring system.
Connections for MAC 1293732, BONNIE SELMAN, currently at position (47, 12):
	There are a total of 1 link(s).
	There are NO active links within the broadcast range of 37.
MAC 1294267 and MAC 1302648 are now linked.
All devices successfully moved.
MAC 1293150 and MAC 1253782 are now linked.
MAC 1302992 and MAC 1294267 are now linked.
Connections for MAC 1275608, EMELY KASPEREK, currently at position (45, 48):
	There are a total of 5 link(s).
	There are 5 active link(s) within the broadcast range of 59:
		MAC 1268809, MACIE GALAN, currently at position (49, 40)
		MAC 1287543, KATHIE PETRUCCI, currently at position (44, 24)
		MAC 1294276, AARON SHERLES, currently at position (41, 19)
		MAC 1300521, VERDELL VEYS, currently at position (3, 14)
		MAC 1302718, RUBYE WUEST, currently at position (13, 48)
Connections for MAC 1273627, YANG HOMEYER, currently at position (10, 9):
	There are a total of 1 link(s).
	There are 1 active link(s) within the broadcast range of 93:
		MAC 1273020, JOSEFINE HIGHBAUGH, currently at position (42, 45)
All devices successfully moved.
SUEANN ROBISON, MAC 1290946, joined the FSC Sharing is Caring system.
All devices successfully moved.
All devices successfully moved.
All devices successfully moved.
Cannot Perform LINK Command:
	MAC 1286944 - This MAC Address is not in the FSC Sharing is Caring system.
	MAC 1257021 - This MAC Address is not in the FSC Sharing is Caring system.
All devices successfully moved.
FRANCESCO CARDENOS, MAC 1260365, joined the FSC Sharing is Caring system.
MAC 1278438 and MAC 1288622 are now linked.
Found:  MAC 1284089, SALLY MT, currently at position (1, 8), 1 Link
Connections for MAC 1255110, JENICE AUSTGEN, currently at position (17, 21):
	There are a total of 5 link(s).
	There are 1 active link(s) within the broadcast range of 13:
		MAC 1268809, MACIE GALAN, currently at position (19, 28)
MAC 1256708 and MAC 1299583 are now linked.
MAC 1275138 and MAC 1284243 are now linked.
ALFRED RYKIEL, MAC 1291715, joined the FSC Sharing is Caring system.
MAC 1288622 and MAC 1265078 are now linked.
All devices successfully moved.
MAC 1302648 and MAC 1259352 are now linked.
Connections for MAC 1292700, WM SCHEIBNER, currently at position (30, 24):
	There are a total of 2 link(s).
	There are NO active links within the broadcast range of 9.
MAC 1302574 and MAC 1290764 are now linked.
All devices successfully moved.
MAC 1287543 and MAC 1272732 are now linked.
MAC 1291715 and MAC 1292128 are now linked.
MAC 1273473 and MAC 1280917 are now linked.
MAC 1276708 and MAC 1283449 are now linked.
Connections for MAC 1273020, JOSEFINE HIGHBAUGH, currently at position (39, 15):
	There are a total of 6 link(s).
	There are 6 active link(s) within the broadcast range of 89:
		MAC 1265488, BRITTANEY DUCHATELLIER, currently at position (27, 0)
		MAC 1267576, IRENA FEUTZ, currently at position (18, 37)
		MAC 1273627, YANG HOMEYER, currently at position (32, 49)
		MAC 1280917, MORRIS MARCHIONE, currently at position (2, 37)
		MAC 1285707, HANNAH OHAVER, currently at position (8, 28)
		MAC 1300521, VERDELL VEYS, currently at position (29, 45)
MAC 1281121 and MAC 1268809 are now linked.
MAC 1262987 and MAC 1302574 are now linked.
PAIGE FIORITTO, MAC 1267769, joined the FSC Sharing is Caring system.
Found:  MAC 1273020, JOSEFINE HIGHBAUGH, currently at position (39, 15), 6 Links
MAC 1275138 and MAC 1295407 are now linked.
All devices successfully moved.
Connections for MAC 1291808, KENDA SACANE, currently at position (33, 32):
	There are a total of 6 link(s).
	There are NO active links within the broadcast range of 9.
MAC 1267741 not found in the FSC Sharing is Caring system.
Connections for MAC 1266738, GRISELDA ESTY, currently at position (34, 46):
	There are a total of 3 link(s).
	There are 1 active link(s) within the broadcast range of 26:
		MAC 1276272, OLGA KINGS, currently at position (24, 39)
All devices successfully moved.
ROXANN CHEYNE, MAC 1261228, joined the FSC Sharing is Caring system.
Found:  MAC 1280771, TABETHA MANGAT, currently at position (15, 35), 1 Link
Cannot Perform LINK Command:
	MAC 1266421 - This MAC Address is not in the FSC Sharing is Caring system.
	MAC 1279874 - This MAC Address is not in the FSC Sharing is Caring system.
Found:  MAC 1267576, IRENA FEUTZ, currently at position (38, 4), 1 Link
EUGENIA LOSCHIAVO, MAC 1279756, joined the FSC Sharing is Caring system.
Found:  MAC 1284089, SALLY MT, currently at position (4, 44), 1 Link
Cannot Perform LINK Command:
	MAC 1282575 - This MAC Address is not in the FSC Sharing is Caring system.
	MAC 1273918 - This MAC Address is not in the FSC Sharing is Caring system.
MAC 1255337 and MAC 1290764 are now linked.
DEWEY GUTSCHE, MAC 1271270, joined the FSC Sharing is Caring system.
MAC 1279883 has no links.
MAC 1292700 and MAC 1291733 are now linked.
RITA POSUSTA, MAC 1288636, joined the FSC Sharing is Caring system.
JULES BARN, MAC 1255854, joined the FSC Sharing is Caring system.
Connections for MAC 1261038, KRISTIN CHALCRAFT, currently at position (29, 33):
	There are a total of 1 link(s).
	There are 1 active link(s) within the broadcast range of 40:
		MAC 1296539, ALEJANDRO STILLS, currently at position (26, 48)
KRISTI RODNEY, MAC 1290984, joined the FSC Sharing is Caring system.
Connections for MAC 1301081, ALBINA WANCA, currently at position (41, 49):
	There are a total of 1 link(s).
	There are 1 active link(s) within the broadcast range of 56:
		MAC 1287846, ZOILA PIETSCH, currently at position (34, 32)
All devices successfully moved.
IRINA PARAMORE, MAC 1286644, joined the FSC Sharing is Caring system.
Connections for MAC 1301081, ALBINA WANCA, currently at position (15, 0):
	There are a total of 1 link(s).
	There are 1 active link(s) within the broadcast range of 56:
		MAC 1287846, ZOILA PIETSCH, currently at position (5, 37)
Found:  MAC 1265078, ANETTE DONKERVOET, currently at position (26, 0), 1 Link
MAC 1302648 and MAC 1302648 are now linked.
All devices successfully moved.
Connections for MAC 1296539, ALEJANDRO STILLS, currently at position (22, 46):
	There are a total of 3 link(s).
	There are 3 active link(s) within the broadcast range of 98:
		MAC 1261038, KRISTIN CHALCRAFT, currently at position (8, 6)
		MAC 1273272, PARIS HITZEMAN, currently at position (3, 11)
		MAC 1299583, VALRIE UCCELLINI, currently at position (44, 6)
DEMETRICE MASTINE, MAC 1281311, joined the FSC Sharing is Caring system.
Connections for MAC 1273627, YANG HOMEYER, currently at position (21, 38):
	There are a total of 1 link(s).
	There are 1 active link(s) within the broadcast range of 93:
		MAC 1273020, JOSEFINE HIGHBAUGH, currently at position (37, 36)
MAC 1256353 has been removed from the FSC Sharing is Caring system.
MAC 1288636 has no links.
MAC 1264841 and MAC 1253847 are now linked.
THOMAS CLIVE, MAC 1261787, joined the FSC Sharing is Caring system.
MAC 1273473 and MAC 1280771 are now linked.
MARGO BRINKS, MAC 1258946, joined the FSC Sharing is Caring system.
All devices successfully moved.
All devices successfully moved.
All devices successfully moved.
MAC 1291733 and MAC 1271961 are now linked.
MAC 1293066 and MAC 1288622 are now linked.
Found:  MAC 1272732, GILBERT HERMANCE, currently at position (13, 14), 6 Links
MAC 1274695 and MAC 1264841 are now linked.
